This is pdfTeX, Version 3.1415926-2.4-1.40.13 (TeX Live 2012) (format=pdflatex 2012.6.30)  16 JUN 2014 10:31
entering extended mode
 restricted \write18 enabled.
 file:line:error style messages enabled.
 %&-line parsing enabled.
**luxcriticalprocedure013_8.tex
(./luxcriticalprocedure013_8.tex
LaTeX2e <2011/06/27>
Babel <v3.8m> and hyphenation patterns for english, dumylang, nohyphenation, ge
rman-x-2012-05-30, ngerman-x-2012-05-30, afrikaans, ancientgreek, ibycus, arabi
c, armenian, basque, bulgarian, catalan, pinyin, coptic, croatian, czech, danis
h, dutch, ukenglish, usenglishmax, esperanto, estonian, ethiopic, farsi, finnis
h, french, friulan, galician, german, ngerman, swissgerman, monogreek, greek, h
ungarian, icelandic, assamese, bengali, gujarati, hindi, kannada, malayalam, ma
rathi, oriya, panjabi, tamil, telugu, indonesian, interlingua, irish, italian, 
kurmanji, latin, latvian, lithuanian, mongolian, mongolianlmc, bokmal, nynorsk,
 polish, portuguese, romanian, romansh, russian, sanskrit, serbian, serbianc, s
lovak, slovenian, spanish, swedish, turkish, turkmen, ukrainian, uppersorbian, 
welsh, loaded.
(/usr/local/texlive/2012/texmf-dist/tex/latex/base/article.cls
Document Class: article 2007/10/19 v1.4h Standard LaTeX document class
(/usr/local/texlive/2012/texmf-dist/tex/latex/base/size10.clo
File: size10.clo 2007/10/19 v1.4h Standard LaTeX file (size option)
)
\c@part=\count79
\c@section=\count80
\c@subsection=\count81
\c@subsubsection=\count82
\c@paragraph=\count83
\c@subparagraph=\count84
\c@figure=\count85
\c@table=\count86
\abovecaptionskip=\skip41
\belowcaptionskip=\skip42
\bibindent=\dimen102
)
(/usr/local/texlive/2012/texmf-dist/tex/latex/base/latexsym.sty
Package: latexsym 1998/08/17 v2.2e Standard LaTeX package (lasy symbols)
\symlasy=\mathgroup4
LaTeX Font Info:    Overwriting symbol font `lasy' in version `bold'
(Font)                  U/lasy/m/n --> U/lasy/b/n on input line 47.
)
(/usr/local/texlive/2012/texmf-dist/tex/latex/graphics/graphicx.sty
Package: graphicx 1999/02/16 v1.0f Enhanced LaTeX Graphics (DPC,SPQR)

(/usr/local/texlive/2012/texmf-dist/tex/latex/graphics/keyval.sty
Package: keyval 1999/03/16 v1.13 key=value parser (DPC)
\KV@toks@=\toks14
)
(/usr/local/texlive/2012/texmf-dist/tex/latex/graphics/graphics.sty
Package: graphics 2009/02/05 v1.0o Standard LaTeX Graphics (DPC,SPQR)

(/usr/local/texlive/2012/texmf-dist/tex/latex/graphics/trig.sty
Package: trig 1999/03/16 v1.09 sin cos tan (DPC)
)
(/usr/local/texlive/2012/texmf-dist/tex/latex/latexconfig/graphics.cfg
File: graphics.cfg 2010/04/23 v1.9 graphics configuration of TeX Live
)
Package graphics Info: Driver file: pdftex.def on input line 91.

(/usr/local/texlive/2012/texmf-dist/tex/latex/pdftex-def/pdftex.def
File: pdftex.def 2011/05/27 v0.06d Graphics/color for pdfTeX

(/usr/local/texlive/2012/texmf-dist/tex/generic/oberdiek/infwarerr.sty
Package: infwarerr 2010/04/08 v1.3 Providing info/warning/error messages (HO)
)
(/usr/local/texlive/2012/texmf-dist/tex/generic/oberdiek/ltxcmds.sty
Package: ltxcmds 2011/11/09 v1.22 LaTeX kernel commands for general use (HO)
)
\Gread@gobject=\count87
))
\Gin@req@height=\dimen103
\Gin@req@width=\dimen104
)
(/usr/local/texlive/2012/texmf-dist/tex/latex/graphics/color.sty
Package: color 2005/11/14 v1.0j Standard LaTeX Color (DPC)

(/usr/local/texlive/2012/texmf-dist/tex/latex/latexconfig/color.cfg
File: color.cfg 2007/01/18 v1.5 color configuration of teTeX/TeXLive
)
Package color Info: Driver file: pdftex.def on input line 130.
)
(/usr/local/texlive/2012/texmf-dist/tex/latex/tools/array.sty
Package: array 2008/09/09 v2.4c Tabular extension package (FMi)
\col@sep=\dimen105
\extrarowheight=\dimen106
\NC@list=\toks15
\extratabsurround=\skip43
\backup@length=\skip44
)
(/usr/local/texlive/2012/texmf-dist/tex/latex/multirow/multirow.sty
\bigstrutjot=\dimen107
)
(/usr/local/texlive/2012/texmf-dist/tex/latex/hyperref/hyperref.sty
Package: hyperref 2012/05/13 v6.82q Hypertext links for LaTeX

(/usr/local/texlive/2012/texmf-dist/tex/generic/oberdiek/hobsub-hyperref.sty
Package: hobsub-hyperref 2012/05/28 v1.13 Bundle oberdiek, subset hyperref (HO)


(/usr/local/texlive/2012/texmf-dist/tex/generic/oberdiek/hobsub-generic.sty
Package: hobsub-generic 2012/05/28 v1.13 Bundle oberdiek, subset generic (HO)
Package: hobsub 2012/05/28 v1.13 Construct package bundles (HO)
Package hobsub Info: Skipping package `infwarerr' (already loaded).
Package hobsub Info: Skipping package `ltxcmds' (already loaded).
Package: ifluatex 2010/03/01 v1.3 Provides the ifluatex switch (HO)
Package ifluatex Info: LuaTeX not detected.
Package: ifvtex 2010/03/01 v1.5 Detect VTeX and its facilities (HO)
Package ifvtex Info: VTeX not detected.
Package: intcalc 2007/09/27 v1.1 Expandable calculations with integers (HO)
Package: ifpdf 2011/01/30 v2.3 Provides the ifpdf switch (HO)
Package ifpdf Info: pdfTeX in PDF mode is detected.
Package: etexcmds 2011/02/16 v1.5 Avoid name clashes with e-TeX commands (HO)
Package etexcmds Info: Could not find \expanded.
(etexcmds)             That can mean that you are not using pdfTeX 1.50 or
(etexcmds)             that some package has redefined \expanded.
(etexcmds)             In the latter case, load this package earlier.
Package: kvsetkeys 2012/04/25 v1.16 Key value parser (HO)
Package: kvdefinekeys 2011/04/07 v1.3 Define keys (HO)
Package: pdftexcmds 2011/11/29 v0.20 Utility functions of pdfTeX for LuaTeX (HO
)
Package pdftexcmds Info: LuaTeX not detected.
Package pdftexcmds Info: \pdf@primitive is available.
Package pdftexcmds Info: \pdf@ifprimitive is available.
Package pdftexcmds Info: \pdfdraftmode found.
Package: pdfescape 2011/11/25 v1.13 Implements pdfTeX's escape features (HO)
Package: bigintcalc 2012/04/08 v1.3 Expandable calculations on big integers (HO
)
Package: bitset 2011/01/30 v1.1 Handle bit-vector datatype (HO)
Package: uniquecounter 2011/01/30 v1.2 Provide unlimited unique counter (HO)
)
Package hobsub Info: Skipping package `hobsub' (already loaded).
Package: letltxmacro 2010/09/02 v1.4 Let assignment for LaTeX macros (HO)
Package: hopatch 2012/05/28 v1.2 Wrapper for package hooks (HO)
Package: xcolor-patch 2011/01/30 xcolor patch
Package: atveryend 2011/06/30 v1.8 Hooks at the very end of document (HO)
Package atveryend Info: \enddocument detected (standard20110627).
Package: atbegshi 2011/10/05 v1.16 At begin shipout hook (HO)
Package: refcount 2011/10/16 v3.4 Data extraction from label references (HO)
Package: hycolor 2011/01/30 v1.7 Color options for hyperref/bookmark (HO)
)
(/usr/local/texlive/2012/texmf-dist/tex/generic/ifxetex/ifxetex.sty
Package: ifxetex 2010/09/12 v0.6 Provides ifxetex conditional
)
(/usr/local/texlive/2012/texmf-dist/tex/latex/oberdiek/kvoptions.sty
Package: kvoptions 2011/06/30 v3.11 Key value format for package options (HO)
)
\@linkdim=\dimen108
\Hy@linkcounter=\count88
\Hy@pagecounter=\count89

(/usr/local/texlive/2012/texmf-dist/tex/latex/hyperref/pd1enc.def
File: pd1enc.def 2012/05/13 v6.82q Hyperref: PDFDocEncoding definition (HO)
)
\Hy@SavedSpaceFactor=\count90

(/usr/local/texlive/2012/texmf-dist/tex/latex/latexconfig/hyperref.cfg
File: hyperref.cfg 2002/06/06 v1.2 hyperref configuration of TeXLive
)
Package hyperref Info: Hyper figures OFF on input line 4062.
Package hyperref Info: Link nesting OFF on input line 4067.
Package hyperref Info: Hyper index ON on input line 4070.
Package hyperref Info: Plain pages OFF on input line 4077.
Package hyperref Info: Backreferencing OFF on input line 4082.
Package hyperref Info: Implicit mode ON; LaTeX internals redefined.
Package hyperref Info: Bookmarks ON on input line 4300.
\c@Hy@tempcnt=\count91

(/usr/local/texlive/2012/texmf-dist/tex/latex/url/url.sty
\Urlmuskip=\muskip10
Package: url 2006/04/12  ver 3.3  Verb mode for urls, etc.
)
LaTeX Info: Redefining \url on input line 4653.
\Fld@menulength=\count92
\Field@Width=\dimen109
\Fld@charsize=\dimen110
Package hyperref Info: Hyper figures OFF on input line 5773.
Package hyperref Info: Link nesting OFF on input line 5778.
Package hyperref Info: Hyper index ON on input line 5781.
Package hyperref Info: backreferencing OFF on input line 5788.
Package hyperref Info: Link coloring OFF on input line 5793.
Package hyperref Info: Link coloring with OCG OFF on input line 5798.
Package hyperref Info: PDF/A mode OFF on input line 5803.
LaTeX Info: Redefining \ref on input line 5843.
LaTeX Info: Redefining \pageref on input line 5847.
\Hy@abspage=\count93
\c@Item=\count94
\c@Hfootnote=\count95
)

Package hyperref Message: Driver (autodetected): hpdftex.

(/usr/local/texlive/2012/texmf-dist/tex/latex/hyperref/hpdftex.def
File: hpdftex.def 2012/05/13 v6.82q Hyperref driver for pdfTeX
\Fld@listcount=\count96
\c@bookmark@seq@number=\count97

(/usr/local/texlive/2012/texmf-dist/tex/latex/oberdiek/rerunfilecheck.sty
Package: rerunfilecheck 2011/04/15 v1.7 Rerun checks for auxiliary files (HO)
Package uniquecounter Info: New unique counter `rerunfilecheck' on input line 2
82.
)
\Hy@SectionHShift=\skip45
)
(/usr/local/texlive/2012/texmf-dist/tex/latex/wasysym/wasysym.sty
Package: wasysym 2003/10/30 v2.0 Wasy-2 symbol support package
\symwasy=\mathgroup5
LaTeX Font Info:    Overwriting symbol font `wasy' in version `bold'
(Font)                  U/wasy/m/n --> U/wasy/b/n on input line 90.
)
(/usr/local/texlive/2012/texmf-dist/tex/latex/tools/verbatim.sty
Package: verbatim 2003/08/22 v1.5q LaTeX2e package for verbatim enhancements
\every@verbatim=\toks16
\verbatim@line=\toks17
\verbatim@in@stream=\read1
)
(/usr/local/texlive/2012/texmf-dist/tex/latex/tools/enumerate.sty
Package: enumerate 1999/03/05 v3.00 enumerate extensions (DPC)
\@enLab=\toks18
)

Package hyperref Warning: Option `bookmarks' has already been used,
(hyperref)                setting the option has no effect on input line 36.

Package hyperref Info: Option `unicode' set `false' on input line 36.
Package hyperref Info: Option `pdftoolbar' set `true' on input line 36.
Package hyperref Info: Option `pdfmenubar' set `true' on input line 36.
Package hyperref Info: Option `pdffitwindow' set `false' on input line 36.
Package hyperref Info: Option `pdfnewwindow' set `true' on input line 36.
Package hyperref Info: Option `colorlinks' set `true' on input line 36.
(./luxcriticalprocedure013_8.aux

LaTeX Warning: Label `pump_out' multiply defined.

)
\openout1 = `luxcriticalprocedure013_8.aux'.

LaTeX Font Info:    Checking defaults for OML/cmm/m/it on input line 38.
LaTeX Font Info:    ... okay on input line 38.
LaTeX Font Info:    Checking defaults for T1/cmr/m/n on input line 38.
LaTeX Font Info:    ... okay on input line 38.
LaTeX Font Info:    Checking defaults for OT1/cmr/m/n on input line 38.
LaTeX Font Info:    ... okay on input line 38.
LaTeX Font Info:    Checking defaults for OMS/cmsy/m/n on input line 38.
LaTeX Font Info:    ... okay on input line 38.
LaTeX Font Info:    Checking defaults for OMX/cmex/m/n on input line 38.
LaTeX Font Info:    ... okay on input line 38.
LaTeX Font Info:    Checking defaults for U/cmr/m/n on input line 38.
LaTeX Font Info:    ... okay on input line 38.
LaTeX Font Info:    Checking defaults for PD1/pdf/m/n on input line 38.
LaTeX Font Info:    ... okay on input line 38.
 (/usr/local/texlive/2012/texmf-dist/tex/context/base/supp-pdf.mkii
[Loading MPS to PDF converter (version 2006.09.02).]
\scratchcounter=\count98
\scratchdimen=\dimen111
\scratchbox=\box26
\nofMPsegments=\count99
\nofMParguments=\count100
\everyMPshowfont=\toks19
\MPscratchCnt=\count101
\MPscratchDim=\dimen112
\MPnumerator=\count102
\makeMPintoPDFobject=\count103
\everyMPtoPDFconversion=\toks20
) (/usr/local/texlive/2012/texmf-dist/tex/latex/oberdiek/epstopdf-base.sty
Package: epstopdf-base 2010/02/09 v2.5 Base part for package epstopdf

(/usr/local/texlive/2012/texmf-dist/tex/latex/oberdiek/grfext.sty
Package: grfext 2010/08/19 v1.1 Manage graphics extensions (HO)
)
Package grfext Info: Graphics extension search list:
(grfext)             [.png,.pdf,.jpg,.mps,.jpeg,.jbig2,.jb2,.PNG,.PDF,.JPG,.JPE
G,.JBIG2,.JB2,.eps]
(grfext)             \AppendGraphicsExtensions on input line 452.

(/usr/local/texlive/2012/texmf-dist/tex/latex/latexconfig/epstopdf-sys.cfg
File: epstopdf-sys.cfg 2010/07/13 v1.3 Configuration of (r)epstopdf for TeX Liv
e
))
\AtBeginShipoutBox=\box27
Package hyperref Info: Link coloring ON on input line 38.

(/usr/local/texlive/2012/texmf-dist/tex/latex/hyperref/nameref.sty
Package: nameref 2010/04/30 v2.40 Cross-referencing by name of section

(/usr/local/texlive/2012/texmf-dist/tex/generic/oberdiek/gettitlestring.sty
Package: gettitlestring 2010/12/03 v1.4 Cleanup title references (HO)
)
\c@section@level=\count104
)
LaTeX Info: Redefining \ref on input line 38.
LaTeX Info: Redefining \pageref on input line 38.
LaTeX Info: Redefining \nameref on input line 38.

(./luxcriticalprocedure013_8.out) (./luxcriticalprocedure013_8.out)
\@outlinefile=\write3
\openout3 = `luxcriticalprocedure013_8.out'.

LaTeX Font Info:    External font `cmex10' loaded for size
(Font)              <7> on input line 49.
LaTeX Font Info:    External font `cmex10' loaded for size
(Font)              <5> on input line 49.
LaTeX Font Info:    Try loading font information for U+lasy on input line 49.

(/usr/local/texlive/2012/texmf-dist/tex/latex/base/ulasy.fd
File: ulasy.fd 1998/08/17 v2.2e LaTeX symbol font definitions
)
LaTeX Font Info:    Try loading font information for U+wasy on input line 49.

(/usr/local/texlive/2012/texmf-dist/tex/latex/wasysym/uwasy.fd
File: uwasy.fd 2003/10/30 v2.0 Wasy-2 symbol font definitions
)
Underfull \hbox (badness 10000) in paragraph at lines 48--92

 []


Overfull \hbox (1.00397pt too wide) in paragraph at lines 99--99
[]|\OT1/cmr/m/n/10 Revision| 
 []


Underfull \hbox (badness 10000) in paragraph at lines 96--126

 []

[1

{/usr/local/texlive/2012/texmf-var/fonts/map/pdftex/updmap/pdftex.map}]
(./luxcriticalprocedure013_8.toc [2])
\tf@toc=\write4
\openout4 = `luxcriticalprocedure013_8.toc'.

 [3]
Underfull \hbox (badness 3098) in paragraph at lines 184--184
[]|\OT1/cmr/m/n/10 Oxygen De-fi-ciency Haz-ard
 []


Overfull \hbox (5.41498pt too wide) in paragraph at lines 167--207
[] 
 []

[4] [5] [6]
Underfull \hbox (badness 10000) in paragraph at lines 237--237
[]|\OT1/cmr/m/n/10 Hazard
 []


Underfull \hbox (badness 10000) in paragraph at lines 241--241
[]|\OT1/cmr/m/n/10 Operation
 []

[7]
Underfull \hbox (badness 10000) in paragraph at lines 270--270
[]|\OT1/cmr/m/n/10 Hazard
 []

[8]
Underfull \hbox (badness 10000) in paragraph at lines 274--274
[]|\OT1/cmr/m/n/10 Operation
 []

[9] [10] [11] [12]

LaTeX Warning: `!h' float specifier changed to `!ht'.

[13] [14] [15] [16]
Underfull \hbox (badness 10000) in paragraph at lines 619--619
[]|\OT1/cmr/m/n/10 Hazard
 []

[17] [18]
Underfull \hbox (badness 10000) in paragraph at lines 658--658
[]|\OT1/cmr/m/n/10 Hazard
 []

[19] [20]

LaTeX Warning: Reference `sec:ManualDraw' on page 21 undefined on input line 71
6.


LaTeX Warning: Reference `sec:PreSample' on page 21 undefined on input line 719
.

[21] [22] [23] [24] [25] [26] [27] [28] [29] [30] [31] [32]
<SamplingLocations.png, id=866, 732.7375pt x 336.25626pt>
File: SamplingLocations.png Graphic file (type png)

<use SamplingLocations.png>
Package pdftex.def Info: SamplingLocations.png used on input line 1092.
(pdftex.def)             Requested size: 426.79134pt x 195.85995pt.

<SAM_Diagram_2.pdf, id=867, 898.35625pt x 835.12pt>
File: SAM_Diagram_2.pdf Graphic file (type pdf)
 <use SAM_Diagram_2.pdf>
Package pdftex.def Info: SAM_Diagram_2.pdf used on input line 1098.
(pdftex.def)             Requested size: 426.79134pt x 396.74983pt.


LaTeX Warning: `!h' float specifier changed to `!ht'.

<SAM_CTRL_2.pdf, id=868, 589.0169pt x 209.639pt>
File: SAM_CTRL_2.pdf Graphic file (type pdf)
 <use SAM_CTRL_2.pdf>
Package pdftex.def Info: SAM_CTRL_2.pdf used on input line 1104.
(pdftex.def)             Requested size: 512.1496pt x 182.2853pt.

<SAM_Status_2.pdf, id=869, 589.03424pt x 233.95605pt>
File: SAM_Status_2.pdf Graphic file (type pdf)
 <use SAM_Status_2.pdf>
Package pdftex.def Info: SAM_Status_2.pdf used on input line 1105.
(pdftex.def)             Requested size: 512.1496pt x 203.42944pt.

Overfull \hbox (40.67711pt too wide) in paragraph at lines 1104--1106
 [][] 
 []


Overfull \hbox (40.67711pt too wide) in paragraph at lines 1104--1106
 [] 
 []


LaTeX Warning: `!h' float specifier changed to `!ht'.

<SAM.png, id=870, 459.7175pt x 609.27625pt>
File: SAM.png Graphic file (type png)
 <use SAM.png>
Package pdftex.def Info: SAM.png used on input line 1111.
(pdftex.def)             Requested size: 284.52756pt x 377.11517pt.


LaTeX Warning: `!h' float specifier changed to `!ht'.

<Min_Fill.pdf, id=871, 614.295pt x 794.97pt>
File: Min_Fill.pdf Graphic file (type pdf)
 <use Min_Fill.pdf>
Package pdftex.def Info: Min_Fill.pdf used on input line 1117.
(pdftex.def)             Requested size: 312.9803pt x 405.04117pt.


LaTeX Warning: `!h' float specifier changed to `!ht'.

<SRV_LN_BOX.pdf, id=872, 614.295pt x 794.97pt>
File: SRV_LN_BOX.pdf Graphic file (type pdf)
 <use SRV_LN_BOX.pdf>
Package pdftex.def Info: SRV_LN_BOX.pdf used on input line 1124.
(pdftex.def)             Requested size: 284.52756pt x 368.21373pt.


LaTeX Warning: `!h' float specifier changed to `!ht'.

<SAM_Turbo_Cart.pdf, id=873, 939.51pt x 572.1375pt>
File: SAM_Turbo_Cart.pdf Graphic file (type pdf)
 <use SAM_Turbo_Cart.pdf>
Package pdftex.def Info: SAM_Turbo_Cart.pdf used on input line 1131.
(pdftex.def)             Requested size: 369.88582pt x 225.2454pt.


LaTeX Warning: `!h' float specifier changed to `!ht'.

<11.pdf, id=874, 794.97pt x 614.295pt>
File: 11.pdf Graphic file (type pdf)
 <use 11.pdf>
Package pdftex.def Info: 11.pdf used on input line 1138.
(pdftex.def)             Requested size: 426.79134pt x 329.80219pt.


LaTeX Warning: `!h' float specifier changed to `!ht'.

File: 11.pdf Graphic file (type pdf)
<use 11.pdf>
Package pdftex.def Info: 11.pdf used on input line 1144.
(pdftex.def)             Requested size: 227.62204pt x 175.89137pt.
 <22.pdf, id=875, 794.97pt x 614.295pt>
File: 22.pdf Graphic file (type pdf)
 <use 22.pdf>
Package pdftex.def Info: 22.pdf used on input line 1145.
(pdftex.def)             Requested size: 227.62204pt x 175.89137pt.

<33.pdf, id=876, 794.97pt x 614.295pt>
File: 33.pdf Graphic file (type pdf)
 <use 33.pdf>
Package pdftex.def Info: 33.pdf used on input line 1146.
(pdftex.def)             Requested size: 227.62204pt x 175.89137pt.

<44.pdf, id=877, 794.97pt x 614.295pt>
File: 44.pdf Graphic file (type pdf)
 <use 44.pdf>
Package pdftex.def Info: 44.pdf used on input line 1147.
(pdftex.def)             Requested size: 227.62204pt x 175.89137pt.

<55.pdf, id=878, 794.97pt x 614.295pt>
File: 55.pdf Graphic file (type pdf)
 <use 55.pdf>
Package pdftex.def Info: 55.pdf used on input line 1148.
(pdftex.def)             Requested size: 227.62204pt x 175.89137pt.


LaTeX Warning: Float too large for page by 25.67412pt on input line 1151.


LaTeX Warning: `!h' float specifier changed to `!ht'.

Package atveryend Info: Empty hook `BeforeClearDocument' on input line 1156.
[33 <./SamplingLocations.png>] [34 <./SAM_Diagram_2.pdf>] [35 <./SAM_CTRL_2.pdf
> <./SAM_Status_2.pdf>] [36 <./SAM.png>] [37 <./Min_Fill.pdf>] [38 <./SRV_LN_BO
X.pdf>] [39 <./SAM_Turbo_Cart.pdf>] [40 <./11.pdf>] [41 <./22.pdf> <./33.pdf

pdfTeX warning: /usr/texbin/pdflatex (file ./33.pdf): PDF inclusion: multiple p
dfs with page group included in a single page
> <./44.pdf

pdfTeX warning: /usr/texbin/pdflatex (file ./44.pdf): PDF inclusion: multiple p
dfs with page group included in a single page
> <./55.pdf

pdfTeX warning: /usr/texbin/pdflatex (file ./55.pdf): PDF inclusion: multiple p
dfs with page group included in a single page
>]
Package atveryend Info: Empty hook `AfterLastShipout' on input line 1156.
 (./luxcriticalprocedure013_8.aux)
Package atveryend Info: Executing hook `AtVeryEndDocument' on input line 1156.
Package atveryend Info: Executing hook `AtEndAfterFileList' on input line 1156.

Package rerunfilecheck Info: File `luxcriticalprocedure013_8.out' has not chang
ed.
(rerunfilecheck)             Checksum: 288FD267A8B3326C7D14A231D0E7749C;4029.


LaTeX Warning: There were undefined references.


LaTeX Warning: There were multiply-defined labels.

Package atveryend Info: Empty hook `AtVeryVeryEnd' on input line 1156.
 ) 
Here is how much of TeX's memory you used:
 5880 strings out of 493488
 84504 string characters out of 3141326
 171590 words of memory out of 3000000
 8692 multiletter control sequences out of 15000+200000
 6723 words of font info for 27 fonts, out of 3000000 for 9000
 957 hyphenation exceptions out of 8191
 29i,11n,28p,2015b,411s stack positions out of 5000i,500n,10000p,200000b,50000s
</usr/local/texlive/2012/texmf-dist/fonts/type1/public/amsfonts/cm/cmbx10.pfb
></usr/local/texlive/2012/texmf-dist/fonts/type1/public/amsfonts/cm/cmbx12.pfb>
</usr/local/texlive/2012/texmf-dist/fonts/type1/public/amsfonts/cm/cmmi10.pfb><
/usr/local/texlive/2012/texmf-dist/fonts/type1/public/amsfonts/cm/cmr10.pfb></u
sr/local/texlive/2012/texmf-dist/fonts/type1/public/amsfonts/cm/cmsy5.pfb>
Output written on luxcriticalprocedure013_8.pdf (41 pages, 10256119 bytes).
PDF statistics:
 1305 PDF objects out of 1440 (max. 8388607)
 1183 compressed objects within 12 object streams
 440 named destinations out of 1000 (max. 500000)
 498 words of extra memory for PDF output out of 10000 (max. 10000000)

